D:\DOCUMENTS\VISUAL STUDIO 2012\PROJECTS\COLORTRANSFER\COLORTRANSFER\X64\DEBUG\MAIN.OBJ
D:\DOCUMENTS\VISUAL STUDIO 2012\PROJECTS\COLORTRANSFER\COLORTRANSFER\X64\DEBUG\VC110.PDB
D:\DOCUMENTS\VISUAL STUDIO 2012\PROJECTS\COLORTRANSFER\X64\DEBUG\COLORTRANSFER.ILK
D:\DOCUMENTS\VISUAL STUDIO 2012\PROJECTS\COLORTRANSFER\X64\DEBUG\COLORTRANSFER.EXE
D:\DOCUMENTS\VISUAL STUDIO 2012\PROJECTS\COLORTRANSFER\X64\DEBUG\COLORTRANSFER.PDB
D:\Documents\Visual Studio 2012\Projects\colortransfer\colortransfer\x64\Debug\main.obj
D:\Documents\Visual Studio 2012\Projects\colortransfer\colortransfer\x64\Debug\cl.command.1.tlog
D:\Documents\Visual Studio 2012\Projects\colortransfer\colortransfer\x64\Debug\CL.read.1.tlog
D:\Documents\Visual Studio 2012\Projects\colortransfer\colortransfer\x64\Debug\CL.write.1.tlog
D:\Documents\Visual Studio 2012\Projects\colortransfer\colortransfer\x64\Debug\link-cvtres.read.1.tlog
D:\Documents\Visual Studio 2012\Projects\colortransfer\colortransfer\x64\Debug\link-cvtres.write.1.tlog
D:\Documents\Visual Studio 2012\Projects\colortransfer\colortransfer\x64\Debug\link-rc.read.1.tlog
D:\Documents\Visual Studio 2012\Projects\colortransfer\colortransfer\x64\Debug\link-rc.write.1.tlog
D:\Documents\Visual Studio 2012\Projects\colortransfer\colortransfer\x64\Debug\link.command.1.tlog
D:\Documents\Visual Studio 2012\Projects\colortransfer\colortransfer\x64\Debug\link.read.1.tlog
D:\Documents\Visual Studio 2012\Projects\colortransfer\colortransfer\x64\Debug\link.write.1.tlog
D:\Documents\Visual Studio 2012\Projects\colortransfer\colortransfer\x64\Debug\vc110.idb
D:\Documents\Visual Studio 2012\Projects\colortransfer\colortransfer\x64\Debug\vc110.pdb
D:\Documents\Visual Studio 2012\Projects\colortransfer\x64\Debug\colortransfer.pdb
D:\Documents\Visual Studio 2012\Projects\colortransfer\x64\Debug\colortransfer.exe
D:\Documents\Visual Studio 2012\Projects\colortransfer\x64\Debug\colortransfer.ilk
